build/app/intermediates/manifest_merge_blame_file/release/manifest-merger-blame-release-report.txt
1<?xml version="1.0" encoding="utf-8"?>
2<manifest xmlns:android="http://schemas.android.com/apk/res/android"
3    package="com.alikavoa.andel"
4    android:versionCode="5"
5    android:versionName="2.0.0" >
6
7    <uses-sdk
8        android:minSdkVersion="21"
8-->src/main/AndroidManifest.xml
9        android:targetSdkVersion="34" />
9-->src/main/AndroidManifest.xml
10    <!-- 1. Permission -->
11    <uses-permission android:name="android.permission.RECORD_AUDIO" />
11-->src/main/AndroidManifest.xml:5:5-71
11-->src/main/AndroidManifest.xml:5:22-68
12    <uses-permission android:name="android.permission.INTERNET" />
12-->src/main/AndroidManifest.xml:6:5-66
12-->src/main/AndroidManifest.xml:6:22-64
13    <uses-permission
13-->src/main/AndroidManifest.xml:7:5-103
14        android:name="android.permission.ACCESS_FINE_LOCATION"
14-->src/main/AndroidManifest.xml:7:22-76
15        android:required="false" />
15-->src/main/AndroidManifest.xml:7:77-101
16    <uses-permission
16-->src/main/AndroidManifest.xml:8:5-105
17        android:name="android.permission.ACCESS_COARSE_LOCATION"
17-->src/main/AndroidManifest.xml:8:22-78
18        android:required="false" />
18-->src/main/AndroidManifest.xml:8:79-103
19    <!-- uses-permission android:name="android.permission.FOREGROUND_SERVICE" / -->
20    <!-- uses-permission android:name="android.permission.ACCESS_BACKGROUND_LOCATION"/ -->
21    <!-- uses-permission android:name="android.permission.FOREGROUND_SERVICE_LOCATION" / -->
22    <!-- 2. To overcome bind to recognition service failed issue -->
23    <queries>
23-->src/main/AndroidManifest.xml:14:5-18:15
24        <intent>
24-->src/main/AndroidManifest.xml:15:9-17:18
25            <action android:name="android.speech.RecognitionService" />
25-->src/main/AndroidManifest.xml:16:13-72
25-->src/main/AndroidManifest.xml:16:21-69
26        </intent>
27    </queries>
28    <queries>
28-->src/main/AndroidManifest.xml:14:5-18:15
29        <intent>
29-->src/main/AndroidManifest.xml:20:9-22:18
30            <action android:name="android.intent.action.TTS_SERVICE" />
30-->src/main/AndroidManifest.xml:21:13-72
30-->src/main/AndroidManifest.xml:21:21-69
31        </intent>
32    </queries>
33
34    <permission
34-->[androidx.core:core:1.10.1] AndroidManifest.xml:22:5-24:47
35        android:name="com.alikavoa.andel.DYNAMIC_RECEIVER_NOT_EXPORTED_PERMISSION"
35-->[androidx.core:core:1.10.1] AndroidManifest.xml:23:9-81
36        android:protectionLevel="signature" />
36-->[androidx.core:core:1.10.1] AndroidManifest.xml:24:9-44
37
38    <uses-permission android:name="com.alikavoa.andel.DYNAMIC_RECEIVER_NOT_EXPORTED_PERMISSION" />
38-->[androidx.core:core:1.10.1] AndroidManifest.xml:26:5-97
38-->[androidx.core:core:1.10.1] AndroidManifest.xml:26:22-94
39
40    <application
41        android:name="android.app.Application"
41-->src/main/AndroidManifest.xml:28:9-42
42        android:appComponentFactory="androidx.core.app.CoreComponentFactory"
42-->[androidx.core:core:1.10.1] AndroidManifest.xml:28:18-86
43        android:icon="@mipmap/launcher_icon"
43-->src/main/AndroidManifest.xml:29:9-45
44        android:label="alikavoa1" >
44-->src/main/AndroidManifest.xml:26:9-34
45        <activity
45-->src/main/AndroidManifest.xml:30:9-50:20
46            android:name="com.alikavoa.andel.MainActivity"
46-->src/main/AndroidManifest.xml:31:13-41
47            android:configChanges="orientation|keyboardHidden|keyboard|screenSize|smallestScreenSize|locale|layoutDirection|fontScale|screenLayout|density|uiMode"
47-->src/main/AndroidManifest.xml:35:13-163
48            android:exported="true"
48-->src/main/AndroidManifest.xml:32:13-36
49            android:hardwareAccelerated="true"
49-->src/main/AndroidManifest.xml:36:13-47
50            android:launchMode="singleTop"
50-->src/main/AndroidManifest.xml:33:13-43
51            android:theme="@style/LaunchTheme"
51-->src/main/AndroidManifest.xml:34:13-47
52            android:windowSoftInputMode="adjustResize" >
52-->src/main/AndroidManifest.xml:37:13-55
53
54            <!--
55                 Specifies an Android theme to apply to this Activity as soon as
56                 the Android process has started. This theme is visible to the user
57                 while the Flutter UI initializes. After that, this theme continues
58                 to determine the Window background behind the Flutter UI.
59            -->
60            <meta-data
60-->src/main/AndroidManifest.xml:42:13-45:17
61                android:name="io.flutter.embedding.android.NormalTheme"
61-->src/main/AndroidManifest.xml:43:15-70
62                android:resource="@style/NormalTheme" />
62-->src/main/AndroidManifest.xml:44:15-52
63
64            <intent-filter>
64-->src/main/AndroidManifest.xml:46:13-49:29
65                <action android:name="android.intent.action.MAIN" />
65-->src/main/AndroidManifest.xml:47:17-68
65-->src/main/AndroidManifest.xml:47:25-66
66
67                <category android:name="android.intent.category.LAUNCHER" />
67-->src/main/AndroidManifest.xml:48:17-76
67-->src/main/AndroidManifest.xml:48:27-74
68            </intent-filter>
69        </activity>
70        <!-- Add this -->
71        <!--
72            service
73            android:name=".MainActivity"
74            android:foregroundServiceType="location"
75            android:exported="false"
76            android:enabled="true"
77            /
78        -->
79        <!-- end -->
80        <!--
81             Don't delete the meta-data below.
82             This is used by the Flutter tool to generate GeneratedPluginRegistrant.java
83        -->
84        <meta-data
84-->src/main/AndroidManifest.xml:61:9-63:33
85            android:name="flutterEmbedding"
85-->src/main/AndroidManifest.xml:62:13-44
86            android:value="2" />
86-->src/main/AndroidManifest.xml:63:13-30
87
88        <service
88-->[:geolocator_android] AndroidManifest.xml:8:9-12:56
89            android:name="com.baseflow.geolocator.GeolocatorLocationService"
89-->[:geolocator_android] AndroidManifest.xml:9:13-77
90            android:enabled="true"
90-->[:geolocator_android] AndroidManifest.xml:10:13-35
91            android:exported="false"
91-->[:geolocator_android] AndroidManifest.xml:11:13-37
92            android:foregroundServiceType="location" />
92-->[:geolocator_android] AndroidManifest.xml:12:13-53
93        <service
93-->[:location] AndroidManifest.xml:11:9-15:56
94            android:name="com.lyokone.location.FlutterLocationService"
94-->[:location] AndroidManifest.xml:12:13-71
95            android:enabled="true"
95-->[:location] AndroidManifest.xml:13:13-35
96            android:exported="false"
96-->[:location] AndroidManifest.xml:14:13-37
97            android:foregroundServiceType="location" />
97-->[:location] AndroidManifest.xml:15:13-53
98
99        <uses-library
99-->[androidx.window:window:1.0.0-beta04] AndroidManifest.xml:25:9-27:40
100            android:name="androidx.window.extensions"
100-->[androidx.window:window:1.0.0-beta04] AndroidManifest.xml:26:13-54
101            android:required="false" />
101-->[androidx.window:window:1.0.0-beta04] AndroidManifest.xml:27:13-37
102        <uses-library
102-->[androidx.window:window:1.0.0-beta04] AndroidManifest.xml:28:9-30:40
103            android:name="androidx.window.sidecar"
103-->[androidx.window:window:1.0.0-beta04] AndroidManifest.xml:29:13-51
104            android:required="false" />
104-->[androidx.window:window:1.0.0-beta04] AndroidManifest.xml:30:13-37
105
106        <activity
106-->[com.google.android.gms:play-services-base:18.1.0] AndroidManifest.xml:20:9-22:45
107            android:name="com.google.android.gms.common.api.GoogleApiActivity"
107-->[com.google.android.gms:play-services-base:18.1.0] AndroidManifest.xml:20:19-85
108            android:exported="false"
108-->[com.google.android.gms:play-services-base:18.1.0] AndroidManifest.xml:22:19-43
109            android:theme="@android:style/Theme.Translucent.NoTitleBar" />
109-->[com.google.android.gms:play-services-base:18.1.0] AndroidManifest.xml:21:19-78
110
111        <meta-data
111-->[com.google.android.gms:play-services-basement:18.1.0] AndroidManifest.xml:21:9-23:69
112            android:name="com.google.android.gms.version"
112-->[com.google.android.gms:play-services-basement:18.1.0] AndroidManifest.xml:22:13-58
113            android:value="@integer/google_play_services_version" />
113-->[com.google.android.gms:play-services-basement:18.1.0] AndroidManifest.xml:23:13-66
114    </application>
115
116</manifest>